e:\programming\opengl\my projects\applicationofflineprojetcreturnfromzero\albannadesigner\albannadesigner\debug\vc120.pdb
e:\programming\opengl\my projects\applicationofflineprojetcreturnfromzero\albannadesigner\albannadesigner\debug\vc120.idb
e:\programming\opengl\my projects\applicationofflineprojetcreturnfromzero\albannadesigner\albannadesigner\debug\lighting maps.obj
e:\programming\opengl\my projects\applicationofflineprojetcreturnfromzero\albannadesigner\albannadesigner\debug\lightingmultwino-outcourse-.obj
e:\programming\opengl\my projects\applicationofflineprojetcreturnfromzero\albannadesigner\albannadesigner\debug\lightmap-diffuse-web.obj
e:\programming\opengl\my projects\applicationofflineprojetcreturnfromzero\albannadesigner\albannadesigner\debug\loadmodeles.obj
e:\programming\opengl\my projects\applicationofflineprojetcreturnfromzero\albannadesigner\albannadesigner\debug\main.obj
e:\programming\opengl\my projects\applicationofflineprojetcreturnfromzero\albannadesigner\albannadesigner\debug\maindis.obj
e:\programming\opengl\my projects\applicationofflineprojetcreturnfromzero\albannadesigner\albannadesigner\debug\material.obj
e:\programming\opengl\my projects\applicationofflineprojetcreturnfromzero\albannadesigner\albannadesigner\debug\materials.obj
e:\programming\opengl\my projects\applicationofflineprojetcreturnfromzero\albannadesigner\albannadesigner\debug\multiplelight.obj
e:\programming\opengl\my projects\applicationofflineprojetcreturnfromzero\albannadesigner\albannadesigner\debug\respotlight.obj
e:\programming\opengl\my projects\applicationofflineprojetcreturnfromzero\albannadesigner\albannadesigner\debug\spotlight.obj
e:\programming\opengl\my projects\applicationofflineprojetcreturnfromzero\albannadesigner\albannadesigner\debug\start.obj
e:\programming\opengl\my projects\applicationofflineprojetcreturnfromzero\albannadesigner\albannadesigner\debug\texturefromzero1.obj
e:\programming\opengl\my projects\applicationofflineprojetcreturnfromzero\albannadesigner\albannadesigner\debug\texturefromzero1web.obj
e:\programming\opengl\my projects\applicationofflineprojetcreturnfromzero\albannadesigner\albannadesigner\debug\thecamera.obj
e:\programming\opengl\my projects\applicationofflineprojetcreturnfromzero\albannadesigner\albannadesigner\debug\transformations.obj
e:\programming\opengl\my projects\applicationofflineprojetcreturnfromzero\albannadesigner\albannadesigner\debug\triangle from web.obj
e:\programming\opengl\my projects\applicationofflineprojetcreturnfromzero\albannadesigner\albannadesigner\debug\tryprogrammminglanguage.obj
e:\programming\opengl\my projects\applicationofflineprojetcreturnfromzero\albannadesigner\albannadesigner\debug\trystringwithswitch.obj
e:\programming\opengl\my projects\applicationofflineprojetcreturnfromzero\albannadesigner\albannadesigner\debug\workonmatricies.obj
e:\programming\opengl\my projects\applicationofflineprojetcreturnfromzero\albannadesigner\albannadesigner\debug\cbtexture.obj
e:\programming\opengl\my projects\applicationofflineprojetcreturnfromzero\albannadesigner\albannadesigner\debug\firstcam.obj
e:\programming\opengl\my projects\applicationofflineprojetcreturnfromzero\albannadesigner\albannadesigner\debug\materialstart.obj
e:\programming\opengl\my projects\applicationofflineprojetcreturnfromzero\albannadesigner\albannadesigner\debug\startdepth testing.obj
e:\programming\opengl\my projects\applicationofflineprojetcreturnfromzero\albannadesigner\albannadesigner\debug\startmysandbox.obj
e:\programming\opengl\my projects\applicationofflineprojetcreturnfromzero\albannadesigner\albannadesigner\debug\newmanipulatefromcwcc.obj
e:\programming\opengl\my projects\applicationofflineprojetcreturnfromzero\albannadesigner\albannadesigner\debug\startlightcasters.obj
e:\programming\opengl\my projects\applicationofflineprojetcreturnfromzero\albannadesigner\albannadesigner\debug\startlightingmaps.obj
e:\programming\opengl\my projects\applicationofflineprojetcreturnfromzero\albannadesigner\albannadesigner\debug\startmultiple lights.obj
e:\programming\opengl\my projects\applicationofflineprojetcreturnfromzero\albannadesigner\albannadesigner\debug\stloadmodels.obj
e:\programming\opengl\my projects\applicationofflineprojetcreturnfromzero\albannadesigner\albannadesigner\debug\testglslsky.obj
e:\programming\opengl\my projects\applicationofflineprojetcreturnfromzero\albannadesigner\albannadesigner\debug\transform.obj
e:\programming\opengl\my projects\applicationofflineprojetcreturnfromzero\albannadesigner\albannadesigner\debug\transno2.obj
e:\programming\opengl\my projects\applicationofflineprojetcreturnfromzero\albannadesigner\albannadesigner\debug\withshaderclass.obj
e:\programming\opengl\my projects\applicationofflineprojetcreturnfromzero\albannadesigner\albannadesigner\debug\directional light.obj
e:\programming\opengl\my projects\applicationofflineprojetcreturnfromzero\albannadesigner\albannadesigner\debug\distributedtotal.obj
e:\programming\opengl\my projects\applicationofflineprojetcreturnfromzero\albannadesigner\albannadesigner\debug\exercies.obj
e:\programming\opengl\my projects\applicationofflineprojetcreturnfromzero\albannadesigner\albannadesigner\debug\final triangle.obj
e:\programming\opengl\my projects\applicationofflineprojetcreturnfromzero\albannadesigner\albannadesigner\debug\firstlight.obj
e:\programming\opengl\my projects\applicationofflineprojetcreturnfromzero\albannadesigner\albannadesigner\debug\1-lighta.obj
e:\programming\opengl\my projects\applicationofflineprojetcreturnfromzero\albannadesigner\albannadesigner\debug\1-lightastart.obj
e:\programming\opengl\my projects\applicationofflineprojetcreturnfromzero\albannadesigner\albannadesigner\debug\1-shader.obj
e:\programming\opengl\my projects\applicationofflineprojetcreturnfromzero\albannadesigner\albannadesigner\debug\1-textures.obj
e:\programming\opengl\my projects\applicationofflineprojetcreturnfromzero\albannadesigner\albannadesigner\debug\2-shader from zero.obj
e:\programming\opengl\my projects\applicationofflineprojetcreturnfromzero\albannadesigner\albannadesigner\debug\basicclass.obj
e:\programming\opengl\my projects\applicationofflineprojetcreturnfromzero\albannadesigner\albannadesigner\debug\basiccolor.obj
e:\programming\opengl\my projects\applicationofflineprojetcreturnfromzero\albannadesigner\albannadesigner\debug\1-basiclight1.obj
e:\programming\opengl\my projects\applicationofflineprojetcreturnfromzero\albannadesigner\albannadesigner\debug\camwithcameraclass.obj
e:\programming\opengl\my projects\applicationofflineprojetcreturnfromzero\albannadesigner\albannadesigner\debug\beforeshaderclass.obj
e:\programming\opengl\my projects\applicationofflineprojetcreturnfromzero\albannadesigner\albannadesigner\debug\cb3dcube.obj
e:\programming\opengl\my projects\applicationofflineprojetcreturnfromzero\albannadesigner\binary\albannadesigner.ilk
e:\programming\opengl\my projects\applicationofflineprojetcreturnfromzero\albannadesigner\binary\albannadesigner.exe
e:\programming\opengl\my projects\applicationofflineprojetcreturnfromzero\albannadesigner\binary\albannadesigner.pdb
e:\programming\opengl\my projects\applicationofflineprojetcreturnfromzero\albannadesigner\\binary\albannadesigner.pdb
e:\programming\opengl\my projects\applicationofflineprojetcreturnfromzero\albannadesigner\\binary\albannadesigner.exe
e:\programming\opengl\my projects\applicationofflineprojetcreturnfromzero\albannadesigner\\binary\albannadesigner.ilk
e:\programming\opengl\my projects\applicationofflineprojetcreturnfromzero\albannadesigner\albannadesigner\debug\albannadesigner.tlog\cl.command.1.tlog
e:\programming\opengl\my projects\applicationofflineprojetcreturnfromzero\albannadesigner\albannadesigner\debug\albannadesigner.tlog\cl.read.1.tlog
e:\programming\opengl\my projects\applicationofflineprojetcreturnfromzero\albannadesigner\albannadesigner\debug\albannadesigner.tlog\cl.write.1.tlog
e:\programming\opengl\my projects\applicationofflineprojetcreturnfromzero\albannadesigner\albannadesigner\debug\albannadesigner.tlog\link.command.1.tlog
e:\programming\opengl\my projects\applicationofflineprojetcreturnfromzero\albannadesigner\albannadesigner\debug\albannadesigner.tlog\link.read.1.tlog
e:\programming\opengl\my projects\applicationofflineprojetcreturnfromzero\albannadesigner\albannadesigner\debug\albannadesigner.tlog\link.write.1.tlog
